INFO (2024-01-28 13:11:50,225) : ====== WebDriver manager ====== (11)
INFO (2024-01-28 13:11:53,132) : Get LATEST chromedriver version for google-chrome (11)
INFO (2024-01-28 13:11:54,020) : Get LATEST chromedriver version for google-chrome (11)
INFO (2024-01-28 13:11:54,660) : Get LATEST chromedriver version for google-chrome (11)
INFO (2024-01-28 13:11:55,991) : WebDriver version 120.0.6099.109 selected (11)
INFO (2024-01-28 13:11:56,002) : Modern chrome version https://edgedl.me.gvt1.com/edgedl/chrome/chrome-for-testing/120.0.6099.109/win32/chromedriver-win32.zip (11)
INFO (2024-01-28 13:11:56,002) : About to download new driver from https://edgedl.me.gvt1.com/edgedl/chrome/chrome-for-testing/120.0.6099.109/win32/chromedriver-win32.zip (11)
INFO (2024-01-28 13:11:56,749) : Driver downloading response is 200 (11)
INFO (2024-01-28 13:12:00,752) : Get LATEST chromedriver version for google-chrome (11)
INFO (2024-01-28 13:12:01,815) : Driver has been saved in cache [C:\Users\computer world\.wdm\drivers\chromedriver\win64\120.0.6099.109] (11)
INFO (2024-01-28 13:12:58,791) : ST. THOMAS AQUINAS, DOMINICAN PRIEST, DOCTOR OF THE CHURCH, PATRON OF CATHOLIC SCHOOLS (70)
INFO (2024-01-28 13:14:30,012) : ====== WebDriver manager ====== (11)
INFO (2024-01-28 13:14:31,102) : Get LATEST chromedriver version for google-chrome (11)
INFO (2024-01-28 13:14:31,928) : Get LATEST chromedriver version for google-chrome (11)
INFO (2024-01-28 13:14:32,562) : Driver [C:\Users\computer world\.wdm\drivers\chromedriver\win64\120.0.6099.109\chromedriver-win32/chromedriver.exe] found in cache (11)
INFO (2024-01-28 13:15:09,993) : ST. THOMAS AQUINAS, DOMINICAN PRIEST, DOCTOR OF THE CHURCH, PATRON OF CATHOLIC SCHOOLS (70)
INFO (2024-01-28 13:19:15,976) : ====== WebDriver manager ====== (11)
INFO (2024-01-28 13:19:17,110) : Get LATEST chromedriver version for google-chrome (11)
INFO (2024-01-28 13:19:17,779) : Get LATEST chromedriver version for google-chrome (11)
INFO (2024-01-28 13:19:18,425) : Driver [C:\Users\computer world\.wdm\drivers\chromedriver\win64\120.0.6099.109\chromedriver-win32/chromedriver.exe] found in cache (11)
INFO (2024-01-28 13:20:16,263) : ST. THOMAS AQUINAS, DOMINICAN PRIEST, DOCTOR OF THE CHURCH, PATRON OF CATHOLIC SCHOOLS (70)
INFO (2024-05-09 02:37:02,814) : ====== WebDriver manager ====== (11)
INFO (2024-05-09 02:37:06,774) : Get LATEST chromedriver version for google-chrome (11)
INFO (2024-05-09 02:37:08,037) : Get LATEST chromedriver version for google-chrome (11)
INFO (2024-05-09 02:37:09,240) : Driver [C:\Users\computer world\.wdm\drivers\chromedriver\win64\120.0.6099.109\chromedriver-win32/chromedriver.exe] found in cache (11)
INFO (2024-05-09 02:37:43,769) : ST. ISAIAH, PROPHET (70)
INFO (2024-05-09 02:37:43,793) : ST. PACHOMIUS, ABBOT (70)
INFO (2024-05-09 02:37:43,816) : ST. LOUISE DE MARILLAC (70)
INFO (2024-05-09 02:37:43,836) : {"message": "Waiting for suitable server to become available", "selector": "<function writable_server_selector at 0x00000220F89377E0>", "operation": "insert", "operationId": -443582319, "topologyDescription": "<TopologyDescription id: 663c28e7657e919512ae06de, topology_type: Unknown, servers: [<ServerDescription ('localhost', 27017) server_type: Unknown, rtt: None>]>", "clientId": {"$oid": "663c28e7657e919512ae06de"}, "remainingTimeMS": 30} (96)
INFO (2024-05-09 02:39:05,560) : ====== WebDriver manager ====== (11)
INFO (2024-05-09 02:39:15,602) : Get LATEST chromedriver version for google-chrome (11)
INFO (2024-05-09 02:39:17,565) : Get LATEST chromedriver version for google-chrome (11)
INFO (2024-05-09 02:39:19,416) : Driver [C:\Users\computer world\.wdm\drivers\chromedriver\win64\120.0.6099.109\chromedriver-win32/chromedriver.exe] found in cache (11)
INFO (2024-05-09 02:39:54,723) : ST. ISAIAH, PROPHET (70)
INFO (2024-05-09 02:39:54,790) : ST. PACHOMIUS, ABBOT (70)
INFO (2024-05-09 02:39:54,855) : ST. LOUISE DE MARILLAC (70)
INFO (2024-05-09 02:39:54,902) : {"message": "Waiting for suitable server to become available", "selector": "<function writable_server_selector at 0x0000018D7ECE5760>", "operation": "insert", "operationId": -1495429066, "topologyDescription": "<TopologyDescription id: 663c296afb3652caec3be8e3, topology_type: Unknown, servers: [<ServerDescription ('localhost', 27017) server_type: Unknown, rtt: None>]>", "clientId": {"$oid": "663c296afb3652caec3be8e3"}, "remainingTimeMS": 30} (96)
