INFO (2023-12-29 11:20:27,996) : ====== WebDriver manager ====== (11)
INFO (2023-12-29 11:20:29,710) : Get LATEST chromedriver version for google-chrome (11)
INFO (2023-12-29 11:20:30,462) : Get LATEST chromedriver version for google-chrome (11)
INFO (2023-12-29 11:20:30,993) : Driver [C:\Users\computer world\.wdm\drivers\chromedriver\win64\120.0.6099.109\chromedriver-win32/chromedriver.exe] found in cache (11)
INFO (2023-12-29 11:20:42,480) : ST. THOMAS BECKET, BISHOP OF CANTERBURY, MARTYR (51)
INFO (2023-12-29 11:20:42,511) : From statesman to martyr: Thomas à Becket was Chancellor to his friend, the English King Henry II, who willed that he become Archbishop of Canterbury, opposed his friend the king to defend the rights and liberties of the Church. He was killed in Canterbury Cathedral on December 29, 1170. (52)
INFO (2023-12-29 16:35:40,631) : ====== WebDriver manager ====== (11)
INFO (2023-12-29 16:35:43,747) : Get LATEST chromedriver version for google-chrome (11)
INFO (2023-12-29 16:35:55,703) : ====== WebDriver manager ====== (11)
INFO (2023-12-29 16:35:56,914) : Get LATEST chromedriver version for google-chrome (11)
INFO (2023-12-29 16:35:58,461) : Get LATEST chromedriver version for google-chrome (11)
INFO (2023-12-29 16:35:59,347) : Driver [C:\Users\computer world\.wdm\drivers\chromedriver\win64\120.0.6099.109\chromedriver-win32/chromedriver.exe] found in cache (11)
INFO (2023-12-29 16:36:28,223) : ====== WebDriver manager ====== (11)
INFO (2023-12-29 16:36:29,355) : Get LATEST chromedriver version for google-chrome (11)
INFO (2023-12-29 16:36:29,887) : Get LATEST chromedriver version for google-chrome (11)
INFO (2023-12-29 16:36:30,629) : Driver [C:\Users\computer world\.wdm\drivers\chromedriver\win64\120.0.6099.109\chromedriver-win32/chromedriver.exe] found in cache (11)
INFO (2023-12-29 16:36:52,155) : ST. THOMAS BECKET, BISHOP OF CANTERBURY, MARTYR (50)
INFO (2023-12-29 16:36:52,170) : From statesman to martyr: Thomas à Becket was Chancellor to his friend, the English King Henry II, who willed that he become Archbishop of Canterbury, opposed his friend the king to defend the rights and liberties of the Church. He was killed in Canterbury Cathedral on December 29, 1170. (51)
INFO (2023-12-29 16:36:59,632) : ====== WebDriver manager ====== (11)
INFO (2023-12-29 16:37:01,070) : Get LATEST chromedriver version for google-chrome (11)
INFO (2023-12-29 16:37:03,154) : Get LATEST chromedriver version for google-chrome (11)
INFO (2023-12-29 16:37:03,771) : Driver [C:\Users\computer world\.wdm\drivers\chromedriver\win64\120.0.6099.109\chromedriver-win32/chromedriver.exe] found in cache (11)
INFO (2023-12-29 16:37:49,780) : ST. THOMAS BECKET, BISHOP OF CANTERBURY, MARTYR (50)
INFO (2023-12-29 16:37:49,802) : From statesman to martyr: Thomas à Becket was Chancellor to his friend, the English King Henry II, who willed that he become Archbishop of Canterbury, opposed his friend the king to defend the rights and liberties of the Church. He was killed in Canterbury Cathedral on December 29, 1170. (51)
INFO (2023-12-29 16:38:39,071) : ====== WebDriver manager ====== (11)
INFO (2023-12-29 16:38:40,315) : Get LATEST chromedriver version for google-chrome (11)
INFO (2023-12-29 16:42:45,129) : ====== WebDriver manager ====== (11)
INFO (2023-12-29 16:42:46,286) : Get LATEST chromedriver version for google-chrome (11)
INFO (2023-12-29 16:42:51,435) : Get LATEST chromedriver version for google-chrome (11)
INFO (2023-12-29 16:42:52,141) : Driver [C:\Users\computer world\.wdm\drivers\chromedriver\win64\120.0.6099.109\chromedriver-win32/chromedriver.exe] found in cache (11)
INFO (2023-12-29 16:43:10,185) : ST. THOMAS BECKET, BISHOP OF CANTERBURY, MARTYR (51)
INFO (2023-12-29 16:43:10,211) : From statesman to martyr: Thomas à Becket was Chancellor to his friend, the English King Henry II, who willed that he become Archbishop of Canterbury, opposed his friend the king to defend the rights and liberties of the Church. He was killed in Canterbury Cathedral on December 29, 1170. (52)
INFO (2023-12-29 16:46:40,850) : ====== WebDriver manager ====== (11)
INFO (2023-12-29 16:46:41,970) : Get LATEST chromedriver version for google-chrome (11)
INFO (2023-12-29 16:46:42,456) : Get LATEST chromedriver version for google-chrome (11)
INFO (2023-12-29 16:46:42,863) : Driver [C:\Users\computer world\.wdm\drivers\chromedriver\win64\120.0.6099.109\chromedriver-win32/chromedriver.exe] found in cache (11)
INFO (2023-12-29 16:47:19,255) : ST. THOMAS BECKET, BISHOP OF CANTERBURY, MARTYR (50)
INFO (2023-12-29 16:47:19,276) : From statesman to martyr: Thomas à Becket was Chancellor to his friend, the English King Henry II, who willed that he become Archbishop of Canterbury, opposed his friend the king to defend the rights and liberties of the Church. He was killed in Canterbury Cathedral on December 29, 1170. (51)
INFO (2023-12-29 16:48:21,875) : ====== WebDriver manager ====== (11)
INFO (2023-12-29 16:48:23,092) : Get LATEST chromedriver version for google-chrome (11)
INFO (2023-12-29 16:48:23,679) : Get LATEST chromedriver version for google-chrome (11)
INFO (2023-12-29 16:48:24,074) : Driver [C:\Users\computer world\.wdm\drivers\chromedriver\win64\120.0.6099.109\chromedriver-win32/chromedriver.exe] found in cache (11)
INFO (2023-12-29 16:48:56,459) : ST. THOMAS BECKET, BISHOP OF CANTERBURY, MARTYR (50)
INFO (2023-12-29 16:48:56,483) : From statesman to martyr: Thomas à Becket was Chancellor to his friend, the English King Henry II, who willed that he become Archbishop of Canterbury, opposed his friend the king to defend the rights and liberties of the Church. He was killed in Canterbury Cathedral on December 29, 1170. (51)
INFO (2023-12-29 16:49:44,743) : ====== WebDriver manager ====== (11)
INFO (2023-12-29 16:49:45,981) : Get LATEST chromedriver version for google-chrome (11)
INFO (2023-12-29 16:49:46,380) : Get LATEST chromedriver version for google-chrome (11)
INFO (2023-12-29 20:46:14,427) : ====== WebDriver manager ====== (11)
INFO (2023-12-29 20:46:16,049) : Get LATEST chromedriver version for google-chrome (11)
INFO (2023-12-29 20:46:16,844) : Get LATEST chromedriver version for google-chrome (11)
INFO (2023-12-29 20:46:17,488) : Driver [C:\Users\computer world\.wdm\drivers\chromedriver\win64\120.0.6099.109\chromedriver-win32/chromedriver.exe] found in cache (11)
INFO (2023-12-29 20:46:56,331) : ====== WebDriver manager ====== (11)
INFO (2023-12-29 20:46:57,447) : Get LATEST chromedriver version for google-chrome (11)
INFO (2023-12-29 20:46:58,030) : Get LATEST chromedriver version for google-chrome (11)
INFO (2023-12-29 20:46:59,699) : Driver [C:\Users\computer world\.wdm\drivers\chromedriver\win64\120.0.6099.109\chromedriver-win32/chromedriver.exe] found in cache (11)
INFO (2023-12-29 20:53:08,816) : ====== WebDriver manager ====== (11)
INFO (2023-12-29 20:54:56,538) : ====== WebDriver manager ====== (11)
INFO (2023-12-29 20:55:10,491) : Get LATEST chromedriver version for google-chrome (11)
INFO (2023-12-29 20:55:11,257) : Get LATEST chromedriver version for google-chrome (11)
INFO (2023-12-29 20:55:11,775) : Driver [C:\Users\computer world\.wdm\drivers\chromedriver\win64\120.0.6099.109\chromedriver-win32/chromedriver.exe] found in cache (11)
INFO (2023-12-29 20:55:47,288) : ST. THOMAS BECKET, BISHOP OF CANTERBURY, MARTYR (55)
INFO (2023-12-29 20:55:47,302) : From statesman to martyr: Thomas à Becket was Chancellor to his friend, the English King Henry II, who willed that he become Archbishop of Canterbury, opposed his friend the king to defend the rights and liberties of the Church. He was killed in Canterbury Cathedral on December 29, 1170. (56)
INFO (2023-12-30 13:54:11,566) : ====== WebDriver manager ====== (11)
INFO (2023-12-30 13:54:19,507) : Get LATEST chromedriver version for google-chrome (11)
INFO (2023-12-30 13:54:20,211) : Get LATEST chromedriver version for google-chrome (11)
INFO (2023-12-30 13:54:20,703) : Get LATEST chromedriver version for google-chrome (11)
INFO (2023-12-30 13:54:21,810) : WebDriver version 120.0.6099.109 selected (11)
INFO (2023-12-30 13:54:21,812) : Modern chrome version https://edgedl.me.gvt1.com/edgedl/chrome/chrome-for-testing/120.0.6099.109/win32/chromedriver-win32.zip (11)
INFO (2023-12-30 13:54:21,813) : About to download new driver from https://edgedl.me.gvt1.com/edgedl/chrome/chrome-for-testing/120.0.6099.109/win32/chromedriver-win32.zip (11)
INFO (2023-12-30 13:54:22,369) : Driver downloading response is 200 (11)
INFO (2023-12-30 13:54:24,743) : Get LATEST chromedriver version for google-chrome (11)
INFO (2023-12-30 13:54:25,539) : Driver has been saved in cache [C:\Users\computer world\.wdm\drivers\chromedriver\win64\120.0.6099.109] (11)
INFO (2023-12-30 13:54:33,495) : ST. FELIX I, POPE (56)
INFO (2023-12-30 13:54:33,508) : A Roman priest, Felix reigned as Pope from 269 to 274. He celebrated Masses over the tombs that guarded the relics of the Christian martyrs, and strongly defended the doctrines of the Trinity of God and the Incarnation of the Word. (57)
INFO (2023-12-31 03:50:28,930) : ====== WebDriver manager ====== (11)
INFO (2023-12-31 03:50:34,913) : Get LATEST chromedriver version for google-chrome (11)
INFO (2023-12-31 03:50:35,613) : Get LATEST chromedriver version for google-chrome (11)
INFO (2023-12-31 03:50:36,314) : Get LATEST chromedriver version for google-chrome (11)
INFO (2023-12-31 03:50:37,321) : WebDriver version 120.0.6099.109 selected (11)
INFO (2023-12-31 03:50:37,325) : Modern chrome version https://edgedl.me.gvt1.com/edgedl/chrome/chrome-for-testing/120.0.6099.109/win32/chromedriver-win32.zip (11)
INFO (2023-12-31 03:50:37,325) : About to download new driver from https://edgedl.me.gvt1.com/edgedl/chrome/chrome-for-testing/120.0.6099.109/win32/chromedriver-win32.zip (11)
INFO (2023-12-31 03:50:37,829) : Driver downloading response is 200 (11)
INFO (2023-12-31 03:50:39,635) : Get LATEST chromedriver version for google-chrome (11)
INFO (2023-12-31 03:50:40,309) : Driver has been saved in cache [C:\Users\computer world\.wdm\drivers\chromedriver\win64\120.0.6099.109] (11)
INFO (2023-12-31 03:50:47,624) : ST. SYLVESTER I, POPE (56)
INFO (2023-12-31 03:50:47,640) : Pope St. Sylvester I bore the government of the Universal Church for for twenty-two years, during the period in which the Roman Emperor, Constantine, built the first Roman basilicas, and the Council of Nicea clarified central Christological teachings. Pope St. Sylvester died on 31 December 335. (57)
INFO (2023-12-31 03:50:47,697) : STS. DONATA, PAULINA AND HILARY, MARTYRS ON THE VIA SALARIA NUOVA (70)
INFO (2023-12-31 03:50:47,723) : ST. MELANY, ROMAN MATRON (70)
INFO (2023-12-31 03:51:18,288) : ====== WebDriver manager ====== (11)
INFO (2023-12-31 03:51:23,019) : Get LATEST chromedriver version for google-chrome (11)
INFO (2023-12-31 03:51:23,582) : Get LATEST chromedriver version for google-chrome (11)
INFO (2023-12-31 03:51:24,089) : Driver [C:\Users\computer world\.wdm\drivers\chromedriver\win64\120.0.6099.109\chromedriver-win32/chromedriver.exe] found in cache (11)
INFO (2023-12-31 03:51:29,768) : ST. SYLVESTER I, POPE (56)
INFO (2023-12-31 03:51:29,784) : Pope St. Sylvester I bore the government of the Universal Church for for twenty-two years, during the period in which the Roman Emperor, Constantine, built the first Roman basilicas, and the Council of Nicea clarified central Christological teachings. Pope St. Sylvester died on 31 December 335. (57)
INFO (2023-12-31 03:51:29,847) : STS. DONATA, PAULINA AND HILARY, MARTYRS ON THE VIA SALARIA NUOVA (70)
INFO (2023-12-31 03:51:29,874) : ST. MELANY, ROMAN MATRON (70)
INFO (2024-01-01 10:54:33,501) : ====== WebDriver manager ====== (11)
INFO (2024-01-01 10:54:38,287) : Get LATEST chromedriver version for google-chrome (11)
INFO (2024-01-01 10:54:38,887) : Get LATEST chromedriver version for google-chrome (11)
INFO (2024-01-01 10:54:39,414) : Get LATEST chromedriver version for google-chrome (11)
INFO (2024-01-01 10:54:40,496) : WebDriver version 120.0.6099.109 selected (11)
INFO (2024-01-01 10:54:40,498) : Modern chrome version https://edgedl.me.gvt1.com/edgedl/chrome/chrome-for-testing/120.0.6099.109/win32/chromedriver-win32.zip (11)
INFO (2024-01-01 10:54:40,498) : About to download new driver from https://edgedl.me.gvt1.com/edgedl/chrome/chrome-for-testing/120.0.6099.109/win32/chromedriver-win32.zip (11)
INFO (2024-01-01 10:54:41,043) : Driver downloading response is 200 (11)
INFO (2024-01-01 10:54:44,016) : Get LATEST chromedriver version for google-chrome (11)
INFO (2024-01-01 10:54:44,725) : Driver has been saved in cache [C:\Users\computer world\.wdm\drivers\chromedriver\win64\120.0.6099.109] (11)
INFO (2024-01-01 10:54:55,794) : MOST HOLY MARY, MOTHER OF GOD (56)
INFO (2024-01-01 10:54:55,809) : The Council of Ephesus in 431 confirmed a truth very dear to the Christian people: Mary is the true Mother of God, insofar as she is mother of Jesus, true God and true man: two natures in one Divine person, without confusion, without change, without division. (57)
INFO (2024-01-01 10:54:55,849) : ST. VINCENT MARIA STRAMBI, BISHOP, PASSIONIST (56)
INFO (2024-01-01 10:54:55,861) : A native of Civitavecchia (1745-1824), he became a Passionist priest, over the objection of his father. A great preacher, he became bishop of Macerata. He cared for seminarians’s formation and helped the poor. After refusing to swear loyalty to Napoleon, the Pope called him as his advisor in Rome. (57)
INFO (2024-01-02 15:22:19,704) : ====== WebDriver manager ====== (11)
INFO (2024-01-02 15:22:21,601) : Get LATEST chromedriver version for google-chrome (11)
INFO (2024-01-02 15:22:22,326) : Get LATEST chromedriver version for google-chrome (11)
INFO (2024-01-02 15:22:22,864) : Get LATEST chromedriver version for google-chrome (11)
INFO (2024-01-02 15:22:24,584) : WebDriver version 120.0.6099.109 selected (11)
INFO (2024-01-02 15:22:24,587) : Modern chrome version https://edgedl.me.gvt1.com/edgedl/chrome/chrome-for-testing/120.0.6099.109/win32/chromedriver-win32.zip (11)
INFO (2024-01-02 15:22:24,587) : About to download new driver from https://edgedl.me.gvt1.com/edgedl/chrome/chrome-for-testing/120.0.6099.109/win32/chromedriver-win32.zip (11)
INFO (2024-01-02 15:22:25,193) : Driver downloading response is 200 (11)
INFO (2024-01-02 15:22:28,193) : Get LATEST chromedriver version for google-chrome (11)
INFO (2024-01-02 15:22:29,113) : Driver has been saved in cache [C:\Users\computer world\.wdm\drivers\chromedriver\win64\120.0.6099.109] (11)
INFO (2024-01-02 15:22:36,694) : STS. BASIL THE GREAT AND GREGORY NAZIANZUS, BISHOPS AND DOCTORS OF THE CHURCH (56)
INFO (2024-01-02 15:22:36,706) : Two Saints who in life were bound by a deep friendship and whose liturgical memory falls on the same day: St. Basil (to whom the Cathedral of Moscow is dedicated) and St. Gregory Nazianzen are celebrated on January 2. (57)
INFO (2024-01-03 16:57:03,867) : ====== WebDriver manager ====== (11)
INFO (2024-01-03 16:57:15,280) : Get LATEST chromedriver version for google-chrome (11)
INFO (2024-01-03 16:57:16,149) : Get LATEST chromedriver version for google-chrome (11)
INFO (2024-01-03 16:57:16,707) : Get LATEST chromedriver version for google-chrome (11)
INFO (2024-01-03 16:57:18,901) : WebDriver version 120.0.6099.109 selected (11)
INFO (2024-01-03 16:57:18,903) : Modern chrome version https://edgedl.me.gvt1.com/edgedl/chrome/chrome-for-testing/120.0.6099.109/win32/chromedriver-win32.zip (11)
INFO (2024-01-03 16:57:18,903) : About to download new driver from https://edgedl.me.gvt1.com/edgedl/chrome/chrome-for-testing/120.0.6099.109/win32/chromedriver-win32.zip (11)
INFO (2024-01-03 16:57:19,464) : Driver downloading response is 200 (11)
INFO (2024-01-03 16:57:27,475) : Get LATEST chromedriver version for google-chrome (11)
INFO (2024-01-03 16:57:28,799) : Driver has been saved in cache [C:\Users\computer world\.wdm\drivers\chromedriver\win64\120.0.6099.109] (11)
INFO (2024-01-03 16:57:37,480) : ST. ANTERUS, POPE (56)
INFO (2024-01-03 16:57:37,505) : Of Greek origins, Anterus was Pope for only 40 days. He was martyred in 236 under Emperor Maximinus the Thracian for collecting the Acts of the martyrs in the archives of the Church of Rome, so that they would not be dispersed. He was the first Pope to be buried in the catacombs of St. Callixtus. (57)
INFO (2024-01-03 16:57:37,554) : ST. JOSEPH MARY TOMASI, THEATINE PRIEST, CARDINAL (56)
INFO (2024-01-03 16:57:37,571) : Born in Licata, in 1649, of the noble Sicilian family of Lampedusa, he renounced his title in favor of his brother and became a Theatine religious. Precursor of the liturgical reform, he was named cardinal by Pope Clement XI in 1712. Pope St. John Paul II proclaimed him a Saint in 1986. (57)
INFO (2024-01-03 16:57:37,623) : ST. TELESPHORE, POPE AD MARTYR (56)
INFO (2024-01-03 16:57:37,638) : Telesphore was an anchorite in Egypt and Palestine. He reigned from 125 to 136. He established the Midnight Mass at Christmas with the song of Gloria in excelsis Deo, the celebration of Easter on Sunday, and fixed the Lenten fast. He also worked to counter Gnostic heresy, and died a martyr. (57)
INFO (2024-01-03 16:57:37,769) : ST. GENEVIÈVE, VIRGIN (70)
INFO (2024-01-04 16:24:54,034) : ====== WebDriver manager ====== (11)
INFO (2024-01-04 16:25:00,532) : Get LATEST chromedriver version for google-chrome (11)
INFO (2024-01-04 16:25:02,356) : Get LATEST chromedriver version for google-chrome (11)
INFO (2024-01-04 16:25:02,975) : Get LATEST chromedriver version for google-chrome (11)
INFO (2024-01-04 16:25:04,470) : WebDriver version 120.0.6099.109 selected (11)
INFO (2024-01-04 16:25:04,472) : Modern chrome version https://edgedl.me.gvt1.com/edgedl/chrome/chrome-for-testing/120.0.6099.109/win32/chromedriver-win32.zip (11)
INFO (2024-01-04 16:25:04,472) : About to download new driver from https://edgedl.me.gvt1.com/edgedl/chrome/chrome-for-testing/120.0.6099.109/win32/chromedriver-win32.zip (11)
INFO (2024-01-04 16:25:05,057) : Driver downloading response is 200 (11)
INFO (2024-01-04 16:25:08,608) : Get LATEST chromedriver version for google-chrome (11)
INFO (2024-01-04 16:25:09,605) : Driver has been saved in cache [C:\Users\computer world\.wdm\drivers\chromedriver\win64\120.0.6099.109] (11)
INFO (2024-01-04 16:25:18,242) : ST. ANGELA OF FOLIGNO, FRANCISCAN (56)
INFO (2024-01-04 16:25:18,261) : She is one of the greatest mystics in the history of the Church whose spirituality inspired giants of faith such as Teresa of Avila and Elizabeth of the Trinity. Saint Angela of Foligno, whose memory recurs on January 4, was canonized by Pope Francis in 2013. (57)
INFO (2024-01-04 16:25:18,312) : ST. ELIZABETH ANN BAYLEY SETON, FOUNDRESS, SISTERS OF CHARITY OF ST. JOSEPH'S (56)
INFO (2024-01-04 16:25:18,331) : A Protestant New York socialite and mother of five who became a Catholic religious sister, she founded the first community of women religious in the United States. Her feast day is celebrated on January 4. (57)
INFO (2024-01-05 09:00:48,985) : ====== WebDriver manager ====== (11)
INFO (2024-01-05 09:01:04,064) : Get LATEST chromedriver version for google-chrome (11)
INFO (2024-01-05 09:01:05,208) : Get LATEST chromedriver version for google-chrome (11)
INFO (2024-01-05 09:01:05,829) : Get LATEST chromedriver version for google-chrome (11)
INFO (2024-01-05 09:01:15,686) : ====== WebDriver manager ====== (11)
INFO (2024-01-05 09:01:24,260) : Get LATEST chromedriver version for google-chrome (11)
INFO (2024-01-05 09:01:24,881) : Get LATEST chromedriver version for google-chrome (11)
INFO (2024-01-05 09:01:25,506) : Get LATEST chromedriver version for google-chrome (11)
INFO (2024-01-05 09:01:26,774) : WebDriver version 120.0.6099.109 selected (11)
INFO (2024-01-05 09:01:26,776) : Modern chrome version https://edgedl.me.gvt1.com/edgedl/chrome/chrome-for-testing/120.0.6099.109/win32/chromedriver-win32.zip (11)
INFO (2024-01-05 09:01:26,776) : About to download new driver from https://edgedl.me.gvt1.com/edgedl/chrome/chrome-for-testing/120.0.6099.109/win32/chromedriver-win32.zip (11)
INFO (2024-01-05 09:01:27,448) : Driver downloading response is 200 (11)
INFO (2024-01-05 09:01:40,574) : Get LATEST chromedriver version for google-chrome (11)
INFO (2024-01-05 09:01:41,585) : Driver has been saved in cache [C:\Users\computer world\.wdm\drivers\chromedriver\win64\120.0.6099.109] (11)
INFO (2024-01-05 09:01:52,014) : ST. EDWARD, KING OF ENGLAND (56)
INFO (2024-01-05 09:01:52,035) : Crowned King of England in 1043, beloved by the people, he was a mild and gentle sovereign of profound prayer: he promoted peace, abolished war taxes to help the poorest of the poor, and built a monastery out of which would grow the Abbey of Westminster. (57)
INFO (2024-01-05 09:01:52,184) : ST. JOHN N. NEUMANN, BISHOP OF PHILADELPHIA, UNITED STATES (56)
INFO (2024-01-05 09:01:52,231) : This Bohemian priest turned American citizen became bishop of Philadelphia, caring for Catholic immigrants and establishing the first diocesan school system in the United States. His feast day is January 5. (57)
INFO (2024-01-06 07:10:51,022) : ====== WebDriver manager ====== (11)
INFO (2024-01-06 07:11:00,950) : Get LATEST chromedriver version for google-chrome (11)
INFO (2024-01-06 07:11:02,072) : Get LATEST chromedriver version for google-chrome (11)
INFO (2024-01-06 07:11:03,372) : Get LATEST chromedriver version for google-chrome (11)
INFO (2024-01-06 07:11:10,578) : WebDriver version 120.0.6099.109 selected (11)
INFO (2024-01-06 07:11:10,580) : Modern chrome version https://edgedl.me.gvt1.com/edgedl/chrome/chrome-for-testing/120.0.6099.109/win32/chromedriver-win32.zip (11)
INFO (2024-01-06 07:11:10,580) : About to download new driver from https://edgedl.me.gvt1.com/edgedl/chrome/chrome-for-testing/120.0.6099.109/win32/chromedriver-win32.zip (11)
INFO (2024-01-06 07:11:11,144) : Driver downloading response is 200 (11)
INFO (2024-01-06 07:11:14,283) : Get LATEST chromedriver version for google-chrome (11)
INFO (2024-01-06 07:11:15,691) : Driver has been saved in cache [C:\Users\computer world\.wdm\drivers\chromedriver\win64\120.0.6099.109] (11)
INFO (2024-01-06 07:11:41,428) : ST. CARLO DA SEZZE, FRANCISCAN (56)
INFO (2024-01-06 07:11:41,465) : Born in Sezze in 1613, the son of peasants, he joined the Order of Friars Minor: he worked as a cook, porter, and beggar. Despite poor education, he had the gift of infused knowledge and was advisor to the Popes. He was distinguished for his humility, combining contemplation and concrete charity. (57)
INFO (2024-01-06 07:11:41,800) : ST. RAFFAELLA OF THE SACRED HEART, VIRGIN, FOUNDRESS OF THE ANCELLE OF THE SACRED HEART (56)
INFO (2024-01-06 07:11:41,827) : A Spanish religious (1850-1925), she founded a Congregation dedicated to perpetual eucharistic adoration and to the apostolate. Misunderstood by her sisters, she resigned and carried out the most humble tasks with meekness, as a simple nun, accepting everything "as if it came from the hand of God". (57)
INFO (2024-01-06 07:11:41,901) : ST. ANDRÉ BESSETTE (56)
INFO (2024-01-06 07:11:41,929) : An illiterate laborer deeply devoted to St. Joseph became Brother André, the Holy Cross brother whose gift of healing won him the nickname “the miracle man of Montreal.” He consoled thousands, invoking the intercession of St. Joseph on all who came to him. His feast day is January 6. (57)
INFO (2024-01-07 13:32:46,597) : ====== WebDriver manager ====== (11)
INFO (2024-01-07 13:32:54,367) : Get LATEST chromedriver version for google-chrome (11)
INFO (2024-01-07 13:32:55,180) : Get LATEST chromedriver version for google-chrome (11)
INFO (2024-01-07 13:32:55,748) : Get LATEST chromedriver version for google-chrome (11)
INFO (2024-01-07 13:32:56,941) : WebDriver version 120.0.6099.109 selected (11)
INFO (2024-01-07 13:32:56,942) : Modern chrome version https://edgedl.me.gvt1.com/edgedl/chrome/chrome-for-testing/120.0.6099.109/win32/chromedriver-win32.zip (11)
INFO (2024-01-07 13:32:56,943) : About to download new driver from https://edgedl.me.gvt1.com/edgedl/chrome/chrome-for-testing/120.0.6099.109/win32/chromedriver-win32.zip (11)
INFO (2024-01-07 13:32:57,513) : Driver downloading response is 200 (11)
INFO (2024-01-07 13:33:04,110) : Get LATEST chromedriver version for google-chrome (11)
INFO (2024-01-07 13:33:04,862) : Driver has been saved in cache [C:\Users\computer world\.wdm\drivers\chromedriver\win64\120.0.6099.109] (11)
INFO (2024-01-07 13:33:18,974) : ST. RAYMOND OF PENYAFORT, DOMINICAN, CO-FOUNDER OF THE MERCEDARIANS (56)
INFO (2024-01-07 13:33:18,987) : A priest of the Order of Preachers, Saint Raymond of Peñafort was a great canon lawyer, for which reason he is invoked as protector of jurists. He dedicated himself to the formation of missionaries. As General of the Dominicans he toured Europe, caring for the numerous houses of the Order. (57)
INFO (2024-01-07 13:33:19,027) : ST. LUCIAN, ANTIOCHIAN PRIEST, MARTYR (56)
INFO (2024-01-07 13:33:19,039) : A scholarly and austere priest of Antioch in Syria, a precise exegete of the Old and New Testaments, Lucian died a martyr at Nicomedia on 7 January 312, during the persecution of the Roman emperor Maximinus. Another emperor, Constantine, would be baptized near his grave. (57)
INFO (2024-01-07 13:33:19,094) : ST. POLIEUTO, MARTYR (70)
INFO (2024-01-08 05:28:42,909) : ====== WebDriver manager ====== (11)
INFO (2024-01-08 05:28:49,313) : Get LATEST chromedriver version for google-chrome (11)
INFO (2024-01-08 05:28:50,099) : Get LATEST chromedriver version for google-chrome (11)
INFO (2024-01-08 05:28:50,656) : Get LATEST chromedriver version for google-chrome (11)
INFO (2024-01-08 05:28:51,846) : WebDriver version 120.0.6099.109 selected (11)
INFO (2024-01-08 05:28:51,849) : Modern chrome version https://edgedl.me.gvt1.com/edgedl/chrome/chrome-for-testing/120.0.6099.109/win32/chromedriver-win32.zip (11)
INFO (2024-01-08 05:28:51,849) : About to download new driver from https://edgedl.me.gvt1.com/edgedl/chrome/chrome-for-testing/120.0.6099.109/win32/chromedriver-win32.zip (11)
INFO (2024-01-08 05:28:52,396) : Driver downloading response is 200 (11)
INFO (2024-01-08 05:28:55,374) : Get LATEST chromedriver version for google-chrome (11)
INFO (2024-01-08 05:28:56,488) : Driver has been saved in cache [C:\Users\computer world\.wdm\drivers\chromedriver\win64\120.0.6099.109] (11)
INFO (2024-01-08 05:29:06,737) : ST LAWRENCE GIUSTINIANI (56)
INFO (2024-01-08 05:29:06,783) : St Lawrence became the first Patriarch of Venice in 1451. He was a great reformer of the Church, especially through his writing and his example. A nobleman by birth, Lawrence did not hesitate to beg for alms, calling it a “victory over himself”. He was canonized by Alexander VIII in 1690. (57)
INFO (2024-01-08 05:29:06,931) : ST. SEVERIN, ABBOTT, APOSTLE OF NORICO (70)
INFO (2024-01-08 05:29:07,046) : ST. SEVERINUS OF NORICUM (70)
INFO (2024-01-09 22:34:56,481) : ====== WebDriver manager ====== (11)
INFO (2024-01-09 22:35:11,114) : Get LATEST chromedriver version for google-chrome (11)
INFO (2024-01-09 22:35:27,680) : Get LATEST chromedriver version for google-chrome (11)
INFO (2024-01-09 22:35:28,335) : Get LATEST chromedriver version for google-chrome (11)
INFO (2024-01-09 22:35:32,835) : WebDriver version 120.0.6099.109 selected (11)
INFO (2024-01-09 22:35:32,837) : Modern chrome version https://edgedl.me.gvt1.com/edgedl/chrome/chrome-for-testing/120.0.6099.109/win32/chromedriver-win32.zip (11)
INFO (2024-01-09 22:35:32,837) : About to download new driver from https://edgedl.me.gvt1.com/edgedl/chrome/chrome-for-testing/120.0.6099.109/win32/chromedriver-win32.zip (11)
INFO (2024-01-09 22:35:33,451) : Driver downloading response is 200 (11)
INFO (2024-01-09 22:38:19,850) : Get LATEST chromedriver version for google-chrome (11)
INFO (2024-01-09 22:38:21,000) : Driver has been saved in cache [C:\Users\computer world\.wdm\drivers\chromedriver\win64\120.0.6099.109] (11)
INFO (2024-01-09 22:38:43,477) : BD ANTONY FATATI, BISHOP OF ANCONA (56)
INFO (2024-01-09 22:38:43,497) : Born of a noble family, Antonio studied in Bologna to become a priest. Returning to his home, he engaged in various pastoral ministries, ultimately being named Bishop of Ancona in 1463. He was a prudent pastor, generous to the poor and severe towards himself. He was beatified in 1765. (57)
INFO (2024-01-09 22:38:43,669) : ST. ANDREW CORSINI, CARMELITAN PRIEST, BISHOP OF FIESOLE (70)
INFO (2024-01-09 22:38:58,419) : ====== WebDriver manager ====== (11)
INFO (2024-01-09 22:39:05,160) : Get LATEST chromedriver version for google-chrome (11)
INFO (2024-01-09 22:39:05,792) : Get LATEST chromedriver version for google-chrome (11)
INFO (2024-01-09 22:39:06,339) : Driver [C:\Users\computer world\.wdm\drivers\chromedriver\win64\120.0.6099.109\chromedriver-win32/chromedriver.exe] found in cache (11)
INFO (2024-01-09 22:39:16,815) : BD ANTONY FATATI, BISHOP OF ANCONA (56)
INFO (2024-01-09 22:39:16,829) : Born of a noble family, Antonio studied in Bologna to become a priest. Returning to his home, he engaged in various pastoral ministries, ultimately being named Bishop of Ancona in 1463. He was a prudent pastor, generous to the poor and severe towards himself. He was beatified in 1765. (57)
INFO (2024-01-09 22:39:16,896) : ST. ANDREW CORSINI, CARMELITAN PRIEST, BISHOP OF FIESOLE (70)
INFO (2024-01-10 20:32:32,129) : ====== WebDriver manager ====== (11)
INFO (2024-01-10 20:33:16,201) : Get LATEST chromedriver version for google-chrome (11)
INFO (2024-01-10 20:33:17,084) : Get LATEST chromedriver version for google-chrome (11)
INFO (2024-01-10 20:33:17,704) : Get LATEST chromedriver version for google-chrome (11)
INFO (2024-01-10 20:33:20,358) : WebDriver version 120.0.6099.109 selected (11)
INFO (2024-01-10 20:33:20,360) : Modern chrome version https://edgedl.me.gvt1.com/edgedl/chrome/chrome-for-testing/120.0.6099.109/win32/chromedriver-win32.zip (11)
INFO (2024-01-10 20:33:20,361) : About to download new driver from https://edgedl.me.gvt1.com/edgedl/chrome/chrome-for-testing/120.0.6099.109/win32/chromedriver-win32.zip (11)
INFO (2024-01-10 20:33:21,292) : Driver downloading response is 200 (11)
INFO (2024-01-10 20:35:30,796) : ====== WebDriver manager ====== (11)
INFO (2024-01-10 20:35:40,162) : Get LATEST chromedriver version for google-chrome (11)
INFO (2024-01-10 20:35:40,764) : Get LATEST chromedriver version for google-chrome (11)
INFO (2024-01-10 20:35:58,957) : Get LATEST chromedriver version for google-chrome (11)
INFO (2024-01-10 20:36:06,602) : WebDriver version 120.0.6099.109 selected (11)
INFO (2024-01-10 20:36:06,604) : Modern chrome version https://edgedl.me.gvt1.com/edgedl/chrome/chrome-for-testing/120.0.6099.109/win32/chromedriver-win32.zip (11)
INFO (2024-01-10 20:36:06,604) : About to download new driver from https://edgedl.me.gvt1.com/edgedl/chrome/chrome-for-testing/120.0.6099.109/win32/chromedriver-win32.zip (11)
INFO (2024-01-10 20:36:07,292) : Driver downloading response is 200 (11)
INFO (2024-01-10 20:36:25,961) : Get LATEST chromedriver version for google-chrome (11)
INFO (2024-01-10 20:36:26,802) : Driver has been saved in cache [C:\Users\computer world\.wdm\drivers\chromedriver\win64\120.0.6099.109] (11)
INFO (2024-01-10 20:37:40,789) : BD POPE GREGORY X (56)
INFO (2024-01-10 20:37:40,815) : After the longest conclave in history, Tebaldo Visconti was elected Pope, and took the name Gregory X. At the time of his election, Tebaldo was on Crusade in the Holy Land, and was not yet a priest. He worked for unity with Orthodox in the Council of Lyons. He died in 1276 and was beatified in 1713. (57)
INFO (2024-01-10 20:37:40,913) : POPE ST MILTIADES (56)
INFO (2024-01-10 20:37:40,960) : Of African origin, Miltiades was Pope at the time of Constantine’s victory over Maxentius – that is, the victory of the Cross over the persecutors of Christianity. Miltiades began the work of reorganizing the Church and Christian places of worship, but died in 314. (57)
INFO (2024-01-10 20:37:41,096) : ST. AGATONE, POPE (70)
INFO (2024-01-10 20:37:41,148) : ST. AGATHO, POPE (70)
INFO (2024-01-11 18:07:59,304) : ====== WebDriver manager ====== (11)
INFO (2024-01-11 18:08:07,190) : ====== WebDriver manager ====== (11)
INFO (2024-01-11 18:08:29,162) : Get LATEST chromedriver version for google-chrome (11)
INFO (2024-01-11 18:08:30,961) : Get LATEST chromedriver version for google-chrome (11)
INFO (2024-01-11 18:08:31,580) : Get LATEST chromedriver version for google-chrome (11)
INFO (2024-01-11 18:08:33,028) : WebDriver version 120.0.6099.109 selected (11)
INFO (2024-01-11 18:08:33,031) : Modern chrome version https://edgedl.me.gvt1.com/edgedl/chrome/chrome-for-testing/120.0.6099.109/win32/chromedriver-win32.zip (11)
INFO (2024-01-11 18:08:33,031) : About to download new driver from https://edgedl.me.gvt1.com/edgedl/chrome/chrome-for-testing/120.0.6099.109/win32/chromedriver-win32.zip (11)
INFO (2024-01-11 18:08:33,605) : Driver downloading response is 200 (11)
INFO (2024-01-11 18:08:42,591) : Get LATEST chromedriver version for google-chrome (11)
INFO (2024-01-11 18:08:44,600) : Driver has been saved in cache [C:\Users\computer world\.wdm\drivers\chromedriver\win64\120.0.6099.109] (11)
INFO (2024-01-11 18:09:49,393) : ST PETER OF CAESAREA (56)
INFO (2024-01-11 18:09:49,424) : Peter, called “Apselamus” or “Balsamus”, suffered martyrdom in Caesarea, in Palestine, during the persecution under the Emperor Maximinus. Despite his youth, he was condemned to death, and was burned alive when he refused to deny his faith. He was martyred in the third century. (57)
INFO (2024-01-11 18:09:49,576) : ST. PAOLINUS OF AQUILEIA, BISHOP (70)
INFO (2024-01-11 18:09:49,745) : ST. HYGINUS, POPE (70)
INFO (2024-01-13 05:13:00,264) : ====== WebDriver manager ====== (11)
INFO (2024-01-13 05:13:00,272) : ====== WebDriver manager ====== (11)
INFO (2024-01-13 05:13:06,969) : Get LATEST chromedriver version for google-chrome (11)
INFO (2024-01-13 05:13:06,990) : Get LATEST chromedriver version for google-chrome (11)
INFO (2024-01-13 05:13:07,696) : Get LATEST chromedriver version for google-chrome (11)
INFO (2024-01-13 05:13:07,747) : Get LATEST chromedriver version for google-chrome (11)
INFO (2024-01-13 05:13:08,314) : Get LATEST chromedriver version for google-chrome (11)
INFO (2024-01-13 05:13:09,622) : WebDriver version 120.0.6099.109 selected (11)
INFO (2024-01-13 05:13:09,623) : WebDriver version 120.0.6099.109 selected (11)
INFO (2024-01-13 05:13:09,625) : Modern chrome version https://edgedl.me.gvt1.com/edgedl/chrome/chrome-for-testing/120.0.6099.109/win32/chromedriver-win32.zip (11)
INFO (2024-01-13 05:13:09,625) : Modern chrome version https://edgedl.me.gvt1.com/edgedl/chrome/chrome-for-testing/120.0.6099.109/win32/chromedriver-win32.zip (11)
INFO (2024-01-13 05:13:09,625) : About to download new driver from https://edgedl.me.gvt1.com/edgedl/chrome/chrome-for-testing/120.0.6099.109/win32/chromedriver-win32.zip (11)
INFO (2024-01-13 05:13:09,625) : About to download new driver from https://edgedl.me.gvt1.com/edgedl/chrome/chrome-for-testing/120.0.6099.109/win32/chromedriver-win32.zip (11)
INFO (2024-01-13 05:13:10,131) : Driver downloading response is 200 (11)
INFO (2024-01-13 05:13:10,199) : Driver downloading response is 200 (11)
INFO (2024-01-13 05:13:13,063) : Get LATEST chromedriver version for google-chrome (11)
INFO (2024-01-13 05:13:13,827) : Get LATEST chromedriver version for google-chrome (11)
INFO (2024-01-13 05:13:13,838) : Driver has been saved in cache [C:\Users\computer world\.wdm\drivers\chromedriver\win64\120.0.6099.109] (11)
INFO (2024-01-13 05:13:15,231) : Driver has been saved in cache [C:\Users\computer world\.wdm\drivers\chromedriver\win64\120.0.6099.109] (11)
INFO (2024-01-13 05:13:20,185) : ST REMIGIUS, BISHOP OF REIMS (56)
INFO (2024-01-13 05:13:20,209) : Remigius was Bishop of Reims, in Gaul in the sixth century, at a time when Gaul was subject to invasion by the Franks. On Christmas Eve, in the year 500, he baptized the Frankish king Clovis. Remigius died in 533, after more than 70 years as a tireless evangelizer. (57)
INFO (2024-01-13 05:13:20,225) : ST REMIGIUS, BISHOP OF REIMS (56)
INFO (2024-01-13 05:13:20,251) : Remigius was Bishop of Reims, in Gaul in the sixth century, at a time when Gaul was subject to invasion by the Franks. On Christmas Eve, in the year 500, he baptized the Frankish king Clovis. Remigius died in 533, after more than 70 years as a tireless evangelizer. (57)
INFO (2024-01-13 05:13:20,286) : ST. HILARY OF POITIERS, BISHOP AND DOCTOR (70)
INFO (2024-01-13 05:13:20,347) : ST. HILARY OF POITIERS, BISHOP AND DOCTOR (70)
INFO (2024-01-19 13:30:17,683) : ====== WebDriver manager ====== (11)
INFO (2024-01-19 13:30:41,473) : Get LATEST chromedriver version for google-chrome (11)
INFO (2024-01-19 13:30:42,116) : Get LATEST chromedriver version for google-chrome (11)
INFO (2024-01-19 13:30:42,706) : Get LATEST chromedriver version for google-chrome (11)
INFO (2024-01-19 13:30:43,860) : WebDriver version 120.0.6099.109 selected (11)
INFO (2024-01-19 13:30:43,863) : Modern chrome version https://edgedl.me.gvt1.com/edgedl/chrome/chrome-for-testing/120.0.6099.109/win32/chromedriver-win32.zip (11)
INFO (2024-01-19 13:30:43,864) : About to download new driver from https://edgedl.me.gvt1.com/edgedl/chrome/chrome-for-testing/120.0.6099.109/win32/chromedriver-win32.zip (11)
INFO (2024-01-19 13:30:44,395) : Driver downloading response is 200 (11)
INFO (2024-01-19 13:30:48,651) : Get LATEST chromedriver version for google-chrome (11)
INFO (2024-01-19 13:30:50,777) : Driver has been saved in cache [C:\Users\computer world\.wdm\drivers\chromedriver\win64\120.0.6099.109] (11)
INFO (2024-01-19 13:31:01,037) : ST. JOHN, BISHOP OF RAVENNA (56)
INFO (2024-01-19 13:31:01,201) : St John was Bishop of Ravenna at a time when the whole country was being devastated by the war with the Lombards. He was a holy pastor, entirely dedicated to caring for the needs of his people and his church. Pope Gregory the Great’s book, “The Rule for Pastors” to him. He died in 595. (57)
INFO (2024-01-19 13:31:01,325) : STS. MARIUS, MARTHA, AUDIFACE AND ABACHUM, MARTYRS ON THE VIA CORNELIA (70)
INFO (2024-01-19 13:31:01,365) : ST. GERMANICUS MARTYR OF PHILADELPHIA (70)
INFO (2024-01-24 03:07:49,386) : ====== WebDriver manager ====== (11)
INFO (2024-01-24 03:07:59,346) : Get LATEST chromedriver version for google-chrome (11)
INFO (2024-01-24 03:08:00,062) : Get LATEST chromedriver version for google-chrome (11)
INFO (2024-01-24 03:08:00,585) : Get LATEST chromedriver version for google-chrome (11)
INFO (2024-01-24 03:08:01,666) : WebDriver version 120.0.6099.109 selected (11)
INFO (2024-01-24 03:08:01,668) : Modern chrome version https://edgedl.me.gvt1.com/edgedl/chrome/chrome-for-testing/120.0.6099.109/win32/chromedriver-win32.zip (11)
INFO (2024-01-24 03:08:01,668) : About to download new driver from https://edgedl.me.gvt1.com/edgedl/chrome/chrome-for-testing/120.0.6099.109/win32/chromedriver-win32.zip (11)
INFO (2024-01-24 03:08:02,184) : Driver downloading response is 200 (11)
INFO (2024-01-24 03:08:04,443) : Get LATEST chromedriver version for google-chrome (11)
INFO (2024-01-24 03:08:05,132) : Driver has been saved in cache [C:\Users\computer world\.wdm\drivers\chromedriver\win64\120.0.6099.109] (11)
INFO (2024-01-24 03:08:12,635) : SAINT FRANCIS DE SALES, BISHOP OF GENEVA AND DOCTOR OF THE CHURCH, FOUNDER OF THE VISITATION ORDER, PATRON OF THE CATHOLIC PRESS (56)
INFO (2024-01-24 03:08:12,664) : St. Francis de Sales was a man of dialogue and meekness, who never renounced the truth. He was one of the first modern evangelizers, using pamphlets posters. He proposed a different model of Christian life for all states of life in the Church, to be realized in the difficulties of everyday life. (57)
INFO (2024-01-24 03:08:13,025) : B. TIMOTHY GIACCARDO, PRIEST (70)
INFO (2024-01-24 19:15:36,070) : ====== WebDriver manager ====== (11)
INFO (2024-01-24 19:15:39,394) : Get LATEST chromedriver version for google-chrome (11)
INFO (2024-01-24 19:15:40,801) : Get LATEST chromedriver version for google-chrome (11)
INFO (2024-01-24 19:15:41,643) : Driver [C:\Users\computer world\.wdm\drivers\chromedriver\win64\120.0.6099.109\chromedriver-win32/chromedriver.exe] found in cache (11)
INFO (2024-01-24 19:16:00,722) : SAINT FRANCIS DE SALES, BISHOP OF GENEVA AND DOCTOR OF THE CHURCH, FOUNDER OF THE VISITATION ORDER, PATRON OF THE CATHOLIC PRESS (56)
INFO (2024-01-24 19:16:00,740) : St. Francis de Sales was a man of dialogue and meekness, who never renounced the truth. He was one of the first modern evangelizers, using pamphlets posters. He proposed a different model of Christian life for all states of life in the Church, to be realized in the difficulties of everyday life. (57)
INFO (2024-01-24 19:16:00,814) : B. TIMOTHY GIACCARDO, PRIEST (70)
